#
# A fatal error has been detected by the Java Runtime Environment:
#
#  EXCEPTION_ACCESS_VIOLATION (0xc0000005) at pc=0x00007ffcc4ab3a5a, pid=23208, tid=9908
#
# JRE version: Java(TM) SE Runtime Environment 18.9 (11.0.17+10) (build 11.0.17+10-LTS-269)
# Java VM: Java HotSpot(TM) 64-Bit Server VM 18.9 (11.0.17+10-LTS-269, mixed mode, tiered, compressed oops, g1 gc, windows-amd64)
# Problematic frame:
# V  [jvm.dll+0x243a5a]
#
# No core dump will be written. Minidumps are not enabled by default on client versions of Windows
#
# If you would like to submit a bug report, please visit:
#   https://bugreport.java.com/bugreport/crash.jsp
#

---------------  S U M M A R Y ------------

Command Line: -Xverify:none -XX:TieredStopAtLevel=1 -Dfile.encoding=windows-1252 -Duser.country=US -Duser.language=en -Duser.variant org.launchcode.techjobs.persistent.JavaWebDevTechjobsPersistentApplication

Host: AMD Ryzen 5 3600 6-Core Processor              , 12 cores, 31G,  Windows 10 , 64 bit Build 19041 (10.0.19041.1348)
Time: Fri Mar 17 16:52:53 2023 Central Daylight Time elapsed time: 0.855125 seconds (0d 0h 0m 0s)

---------------  T H R E A D  ---------------

Current thread (0x000002101feb3000):  JavaThread "restartedMain" [_thread_in_vm, id=9908, stack(0x000000fb0a200000,0x000000fb0a300000)]

Stack: [0x000000fb0a200000,0x000000fb0a300000],  sp=0x000000fb0a2fa4a0,  free space=1001k
Native frames: (J=compiled Java code, j=interpreted, Vv=VM code, C=native code)
V  [jvm.dll+0x243a5a]
V  [jvm.dll+0x244727]
V  [jvm.dll+0x1b4809]
V  [jvm.dll+0x1b3e0d]
V  [jvm.dll+0x504542]
V  [jvm.dll+0x700f99]
V  [jvm.dll+0x3dcc9f]
V  [jvm.dll+0x3e2f0b]
C  [java.dll+0x19c8]

Java frames: (J=compiled Java code, j=interpreted, Vv=VM code)
J 1100  java.lang.ClassLoader.defineClass1(Ljava/lang/ClassLoader;Ljava/lang/String;[BIILjava/security/ProtectionDomain;Ljava/lang/String;)Ljava/lang/Class; java.base@11.0.17 (0 bytes) @ 0x00000210008c048b [0x00000210008c03c0+0x00000000000000cb]
J 1099 c1 java.lang.ClassLoader.defineClass(Ljava/lang/String;[BIILjava/security/ProtectionDomain;)Ljava/lang/Class; java.base@11.0.17 (43 bytes) @ 0x00000210008c2fec [0x00000210008c2ee0+0x000000000000010c]
J 860 c1 jdk.internal.loader.BuiltinClassLoader.defineClass(Ljava/lang/String;Ljdk/internal/loader/Resource;)Ljava/lang/Class; java.base@11.0.17 (121 bytes) @ 0x0000021000873d5c [0x00000210008737a0+0x00000000000005bc]
J 710 c1 jdk.internal.loader.BuiltinClassLoader.findClassOnClassPathOrNull(Ljava/lang/String;)Ljava/lang/Class; java.base@11.0.17 (64 bytes) @ 0x00000210008415cc [0x0000021000841500+0x00000000000000cc]
J 599 c1 jdk.internal.loader.BuiltinClassLoader.loadClassOrNull(Ljava/lang/String;Z)Ljava/lang/Class; java.base@11.0.17 (143 bytes) @ 0x0000021000813a14 [0x0000021000813500+0x0000000000000514]
J 726 c1 jdk.internal.loader.ClassLoaders$AppClassLoader.loadClass(Ljava/lang/String;Z)Ljava/lang/Class; java.base@11.0.17 (40 bytes) @ 0x000002100084574c [0x0000021000845600+0x000000000000014c]
J 713 c1 java.lang.ClassLoader.loadClass(Ljava/lang/String;)Ljava/lang/Class; java.base@11.0.17 (7 bytes) @ 0x00000210008424e4 [0x00000210008424a0+0x0000000000000044]
v  ~StubRoutines::call_stub
J 1100  java.lang.ClassLoader.defineClass1(Ljava/lang/ClassLoader;Ljava/lang/String;[BIILjava/security/ProtectionDomain;Ljava/lang/String;)Ljava/lang/Class; java.base@11.0.17 (0 bytes) @ 0x00000210008c048b [0x00000210008c03c0+0x00000000000000cb]
J 1099 c1 java.lang.ClassLoader.defineClass(Ljava/lang/String;[BIILjava/security/ProtectionDomain;)Ljava/lang/Class; java.base@11.0.17 (43 bytes) @ 0x00000210008c2fec [0x00000210008c2ee0+0x000000000000010c]
J 860 c1 jdk.internal.loader.BuiltinClassLoader.defineClass(Ljava/lang/String;Ljdk/internal/loader/Resource;)Ljava/lang/Class; java.base@11.0.17 (121 bytes) @ 0x0000021000873d5c [0x00000210008737a0+0x00000000000005bc]
J 710 c1 jdk.internal.loader.BuiltinClassLoader.findClassOnClassPathOrNull(Ljava/lang/String;)Ljava/lang/Class; java.base@11.0.17 (64 bytes) @ 0x00000210008415cc [0x0000021000841500+0x00000000000000cc]
J 599 c1 jdk.internal.loader.BuiltinClassLoader.loadClassOrNull(Ljava/lang/String;Z)Ljava/lang/Class; java.base@11.0.17 (143 bytes) @ 0x0000021000813a14 [0x0000021000813500+0x0000000000000514]
J 726 c1 jdk.internal.loader.ClassLoaders$AppClassLoader.loadClass(Ljava/lang/String;Z)Ljava/lang/Class; java.base@11.0.17 (40 bytes) @ 0x000002100084574c [0x0000021000845600+0x000000000000014c]
J 1928 c1 org.springframework.boot.devtools.restart.classloader.RestartClassLoader.loadClass(Ljava/lang/String;Z)Ljava/lang/Class; (118 bytes) @ 0x00000210009f2484 [0x00000210009f1fa0+0x00000000000004e4]
J 713 c1 java.lang.ClassLoader.loadClass(Ljava/lang/String;)Ljava/lang/Class; java.base@11.0.17 (7 bytes) @ 0x00000210008424e4 [0x00000210008424a0+0x0000000000000044]
v  ~StubRoutines::call_stub
J 703  java.lang.Class.forName0(Ljava/lang/String;ZLjava/lang/ClassLoader;Ljava/lang/Class;)Ljava/lang/Class; java.base@11.0.17 (0 bytes) @ 0x000002100083e357 [0x000002100083e2c0+0x0000000000000097]
J 711 c1 java.lang.Class.forName(Ljava/lang/String;ZLjava/lang/ClassLoader;)Ljava/lang/Class; java.base@11.0.17 (47 bytes) @ 0x0000021000841c3c [0x0000021000841b40+0x00000000000000fc]
J 2010 c1 org.springframework.util.ClassUtils.forName(Ljava/lang/String;Ljava/lang/ClassLoader;)Ljava/lang/Class; (247 bytes) @ 0x0000021000a163ec [0x0000021000a160e0+0x000000000000030c]
j  org.springframework.context.annotation.ConfigurationClassParser$SourceClass.loadClass()Ljava/lang/Class;+49
j  org.springframework.context.annotation.ConfigurationClassParser.processImports(Lorg/springframework/context/annotation/ConfigurationClass;Lorg/springframework/context/annotation/ConfigurationClassParser$SourceClass;Ljava/util/Collection;Z)V+195
j  org.springframework.context.annotation.ConfigurationClassParser.doProcessConfigurationClass(Lorg/springframework/context/annotation/ConfigurationClass;Lorg/springframework/context/annotation/ConfigurationClassParser$SourceClass;)Lorg/springframework/context/annotation/ConfigurationClassParser$SourceClass;+309
j  org.springframework.context.annotation.ConfigurationClassParser.processConfigurationClass(Lorg/springframework/context/annotation/ConfigurationClass;)V+102
j  org.springframework.context.annotation.ConfigurationClassParser.processImports(Lorg/springframework/context/annotation/ConfigurationClass;Lorg/springframework/context/annotation/ConfigurationClassParser$SourceClass;Ljava/util/Collection;Z)V+265
j  org.springframework.context.annotation.ConfigurationClassParser.access$900(Lorg/springframework/context/annotation/ConfigurationClassParser;Lorg/springframework/context/annotation/ConfigurationClass;Lorg/springframework/context/annotation/ConfigurationClassParser$SourceClass;Ljava/util/Collection;Z)V+6
j  org.springframework.context.annotation.ConfigurationClassParser$DeferredImportSelectorGroupingHandler.lambda$processGroupImports$1(Lorg/springframework/context/annotation/DeferredImportSelector$Group$Entry;)V+49
j  org.springframework.context.annotation.ConfigurationClassParser$DeferredImportSelectorGroupingHandler$$Lambda$262.accept(Ljava/lang/Object;)V+8
j  java.util.ArrayList.forEach(Ljava/util/function/Consumer;)V+46 java.base@11.0.17
j  org.springframework.context.annotation.ConfigurationClassParser$DeferredImportSelectorGroupingHandler.processGroupImports()V+44
j  org.springframework.context.annotation.ConfigurationClassParser$DeferredImportSelectorHandler.process()V+54
j  org.springframework.context.annotation.ConfigurationClassParser.parse(Ljava/util/Set;)V+171
j  org.springframework.context.annotation.ConfigurationClassPostProcessor.processConfigBeanDefinitions(Lorg/springframework/beans/factory/support/BeanDefinitionRegistry;)V+295
j  org.springframework.context.annotation.ConfigurationClassPostProcessor.postProcessBeanDefinitionRegistry(Lorg/springframework/beans/factory/support/BeanDefinitionRegistry;)V+107
j  org.springframework.context.support.PostProcessorRegistrationDelegate.invokeBeanDefinitionRegistryPostProcessors(Ljava/util/Collection;Lorg/springframework/beans/factory/support/BeanDefinitionRegistry;)V+28
j  org.springframework.context.support.PostProcessorRegistrationDelegate.invokeBeanFactoryPostProcessors(Lorg/springframework/beans/factory/config/ConfigurableListableBeanFactory;Ljava/util/List;)V+229
j  org.springframework.context.support.AbstractApplicationContext.invokeBeanFactoryPostProcessors(Lorg/springframework/beans/factory/config/ConfigurableListableBeanFactory;)V+5
j  org.springframework.context.support.AbstractApplicationContext.refresh()V+28
j  org.springframework.boot.web.servlet.context.ServletWebServerApplicationContext.refresh()V+1
j  org.springframework.boot.SpringApplication.refresh(Lorg/springframework/context/ApplicationContext;)V+10
j  org.springframework.boot.SpringApplication.refreshContext(Lorg/springframework/context/ConfigurableApplicationContext;)V+2
j  org.springframework.boot.SpringApplication.run([Ljava/lang/String;)Lorg/springframework/context/ConfigurableApplicationContext;+118
j  org.springframework.boot.SpringApplication.run([Ljava/lang/Class;[Ljava/lang/String;)Lorg/springframework/context/ConfigurableApplicationContext;+9
j  org.springframework.boot.SpringApplication.run(Ljava/lang/Class;[Ljava/lang/String;)Lorg/springframework/context/ConfigurableApplicationContext;+9
j  org.launchcode.techjobs.persistent.JavaWebDevTechjobsPersistentApplication.main([Ljava/lang/String;)V+3
v  ~StubRoutines::call_stub
j  jdk.internal.reflect.NativeMethodAccessorImpl.invoke0(Ljava/lang/reflect/Method;Ljava/lang/Object;[Ljava/lang/Object;)Ljava/lang/Object;+0 java.base@11.0.17
j  jdk.internal.reflect.NativeMethodAccessorImpl.invoke(Ljava/lang/Object;[Ljava/lang/Object;)Ljava/lang/Object;+100 java.base@11.0.17
j  jdk.internal.reflect.DelegatingMethodAccessorImpl.invoke(Ljava/lang/Object;[Ljava/lang/Object;)Ljava/lang/Object;+6 java.base@11.0.17
j  java.lang.reflect.Method.invoke(Ljava/lang/Object;[Ljava/lang/Object;)Ljava/lang/Object;+59 java.base@11.0.17
j  org.springframework.boot.devtools.restart.RestartLauncher.run()V+41
v  ~StubRoutines::call_stub

siginfo: EXCEPTION_ACCESS_VIOLATION (0xc0000005), reading address 0xffffffffffffffff


Register to memory mapping:

RIP=0x00007ffcc4ab3a5a jvm.dll
RAX=0x0000000000000074 is an unknown value
RBX=0x000002107fcf6590 points into unknown readable memory: 0x657303bc001a000e | 0e 00 1a 00 bc 03 73 65
RCX=0x000000fb0a2fa500 is pointing into the stack for thread: 0x000002101feb3000
RDX=0x000002107fcf6596 points into unknown readable memory: 73 65
RSP=0x000000fb0a2fa4a0 is pointing into the stack for thread: 0x000002101feb3000
RBP=0x000000fb0a2fa5a0 is pointing into the stack for thread: 0x000002101feb3000
RSI=0x0000021020827d20 points into unknown readable memory: 0x726ff68a00060058 | 58 00 06 00 8a f6 6f 72
RDI=0x100002107fcf8690 is an unknown value
R8 =0x000000000000000e is an unknown value
R9 =0x000000000000000e is an unknown value
R10=0x000000000000006e is an unknown value
R11=0x000000000000000e is an unknown value
R12=0x00000000ffffffff is an unknown value
R13=0x000002101feb3000 is a thread
R14=0x000002101fca24d0 points into unknown readable memory: 0x0000000200000001 | 01 00 00 00 02 00 00 00
R15=0x0 is NULL


Registers:
RAX=0x0000000000000074, RBX=0x000002107fcf6590, RCX=0x000000fb0a2fa500, RDX=0x000002107fcf6596
RSP=0x000000fb0a2fa4a0, RBP=0x000000fb0a2fa5a0, RSI=0x0000021020827d20, RDI=0x100002107fcf8690
R8 =0x000000000000000e, R9 =0x000000000000000e, R10=0x000000000000006e, R11=0x000000000000000e
R12=0x00000000ffffffff, R13=0x000002101feb3000, R14=0x000002101fca24d0, R15=0x0000000000000000
RIP=0x00007ffcc4ab3a5a, EFLAGS=0x0000000000010246

Top of Stack: (sp=0x000000fb0a2fa4a0)
0x000000fb0a2fa4a0:   000002107fcf6590 000000fb0a2fa5a0
0x000000fb0a2fa4b0:   0000021020827d20 100002107fcf8690
0x000000fb0a2fa4c0:   0000000200000001 0000000000000000
0x000000fb0a2fa4d0:   0000021000000013 000002101fca2e60
0x000000fb0a2fa4e0:   00000008002ff268 0000021021a9f628
0x000000fb0a2fa4f0:   00007ffc00000000 000002101fca2c58
0x000000fb0a2fa500:   00007ffcc5127530 0000005000000000
0x000000fb0a2fa510:   000000000000006e 0000000000000000
0x000000fb0a2fa520:   0000000000000000 0000000000000000
0x000000fb0a2fa530:   0000000000000000 0000021020a1f2f0
0x000000fb0a2fa540:   000000000000006e 0000000000000100
0x000000fb0a2fa550:   000002101fca2400 0000000000000000
0x000000fb0a2fa560:   000002101fca2e10 00007ffcc4ab57a4
0x000000fb0a2fa570:   0000000000000000 000000fb0a2fa620
0x000000fb0a2fa580:   000002101fca2e40 000000fb0a2fa620
0x000000fb0a2fa590:   00000008002ff268 0000000000000001 

Instructions: (pc=0x00007ffcc4ab3a5a)
0x00007ffcc4ab3a3a:   0a 42 60 00 48 8d 4c 24 60 e8 78 9c 3e 00 44 0f
0x00007ffcc4ab3a4a:   b7 03 48 8d 53 06 48 8d 4c 24 60 e8 46 8c 3e 00
0x00007ffcc4ab3a5a:   44 0f b7 07 48 8d 57 06 48 8d 4c 24 60 e8 34 8c
0x00007ffcc4ab3a6a:   3e 00 48 8d 15 55 b5 61 00 48 8d 4c 24 60 e8 43 


Stack slot to memory mapping:
stack at sp + 0 slots: 0x000002107fcf6590 points into unknown readable memory: 0x657303bc001a000e | 0e 00 1a 00 bc 03 73 65
stack at sp + 1 slots: 0x000000fb0a2fa5a0 is pointing into the stack for thread: 0x000002101feb3000
stack at sp + 2 slots: 0x0000021020827d20 points into unknown readable memory: 0x726ff68a00060058 | 58 00 06 00 8a f6 6f 72
stack at sp + 3 slots: 0x100002107fcf8690 is an unknown value
stack at sp + 4 slots: 0x0000000200000001 is an unknown value
stack at sp + 5 slots: 0x0 is NULL
stack at sp + 6 slots: 0x0000021000000013 is at code_begin+-109 in 
[CodeBlob (0x0000021000000010)]
Framesize: 0
BufferBlob (0x0000021000000010) used for flush_icache_stub
stack at sp + 7 slots: 0x000002101fca2e60 points into unknown readable memory: 0x0000021021a9f628 | 28 f6 a9 21 10 02 00 00


---------------  P R O C E S S  ---------------

Threads class SMR info:
_java_thread_list=0x00000210209cf180, length=11, elements={
0x0000021071f69000, 0x000002107fa53000, 0x000002107fa7e800, 0x000002107fad4800,
0x000002107fad6800, 0x000002107fad7800, 0x000002107fae6800, 0x000002107faeb800,
0x000002107fc1f000, 0x000002101feb1000, 0x000002101feb3000
}

Java Threads: ( => current thread )
  0x0000021071f69000 JavaThread "main" [_thread_blocked, id=9212, stack(0x000000fb09100000,0x000000fb09200000)]
  0x000002107fa53000 JavaThread "Reference Handler" daemon [_thread_blocked, id=18320, stack(0x000000fb09800000,0x000000fb09900000)]
  0x000002107fa7e800 JavaThread "Finalizer" daemon [_thread_blocked, id=21276, stack(0x000000fb09900000,0x000000fb09a00000)]
  0x000002107fad4800 JavaThread "Signal Dispatcher" daemon [_thread_blocked, id=10316, stack(0x000000fb09a00000,0x000000fb09b00000)]
  0x000002107fad6800 JavaThread "Attach Listener" daemon [_thread_blocked, id=23392, stack(0x000000fb09b00000,0x000000fb09c00000)]
  0x000002107fad7800 JavaThread "Service Thread" daemon [_thread_blocked, id=15328, stack(0x000000fb09c00000,0x000000fb09d00000)]
  0x000002107fae6800 JavaThread "C1 CompilerThread0" daemon [_thread_blocked, id=18756, stack(0x000000fb09d00000,0x000000fb09e00000)]
  0x000002107faeb800 JavaThread "Sweeper thread" daemon [_thread_blocked, id=7496, stack(0x000000fb09e00000,0x000000fb09f00000)]
  0x000002107fc1f000 JavaThread "Common-Cleaner" daemon [_thread_blocked, id=14864, stack(0x000000fb0a000000,0x000000fb0a100000)]
  0x000002101feb1000 JavaThread "Thread-0" [_thread_blocked, id=12828, stack(0x000000fb0a100000,0x000000fb0a200000)]
=>0x000002101feb3000 JavaThread "restartedMain" [_thread_in_vm, id=9908, stack(0x000000fb0a200000,0x000000fb0a300000)]

Other Threads:
  0x000002107fa52000 VMThread "VM Thread" [stack: 0x000000fb09700000,0x000000fb09800000] [id=10976]
  0x000002107fc1d800 WatcherThread [stack: 0x000000fb09f00000,0x000000fb0a000000] [id=12768]
  0x0000021071f7e000 GCTaskThread "GC Thread#0" [stack: 0x000000fb09200000,0x000000fb09300000] [id=23800]
  0x000002101ff1a000 GCTaskThread "GC Thread#1" [stack: 0x000000fb0a400000,0x000000fb0a500000] [id=21948]
  0x000002101ff1d800 GCTaskThread "GC Thread#2" [stack: 0x000000fb0a500000,0x000000fb0a600000] [id=12100]
  0x000002101ff1b800 GCTaskThread "GC Thread#3" [stack: 0x000000fb0a600000,0x000000fb0a700000] [id=11976]
  0x000002101ff1c800 GCTaskThread "GC Thread#4" [stack: 0x000000fb0a700000,0x000000fb0a800000] [id=10556]
  0x000002101ff41800 GCTaskThread "GC Thread#5" [stack: 0x000000fb0a800000,0x000000fb0a900000] [id=19112]
  0x000002101ff42000 GCTaskThread "GC Thread#6" [stack: 0x000000fb0a900000,0x000000fb0aa00000] [id=11832]
  0x000002101ff42800 GCTaskThread "GC Thread#7" [stack: 0x000000fb0aa00000,0x000000fb0ab00000] [id=9448]
  0x000002101ff43800 GCTaskThread "GC Thread#8" [stack: 0x000000fb0ab00000,0x000000fb0ac00000] [id=23560]
  0x000002101ff45000 GCTaskThread "GC Thread#9" [stack: 0x000000fb0ac00000,0x000000fb0ad00000] [id=9840]
  0x0000021071ffe000 ConcurrentGCThread "G1 Main Marker" [stack: 0x000000fb09300000,0x000000fb09400000] [id=2904]
  0x0000021071fff800 ConcurrentGCThread "G1 Conc#0" [stack: 0x000000fb09400000,0x000000fb09500000] [id=19156]
  0x000002101ff6a000 ConcurrentGCThread "G1 Conc#1" [stack: 0x000000fb0ad00000,0x000000fb0ae00000] [id=19788]
  0x00000210208c3800 ConcurrentGCThread "G1 Conc#2" [stack: 0x000000fb0ae00000,0x000000fb0af00000] [id=19048]
  0x000002107f8ac000 ConcurrentGCThread "G1 Refine#0" [stack: 0x000000fb09500000,0x000000fb09600000] [id=13740]
  0x000002107f8ae000 ConcurrentGCThread "G1 Young RemSet Sampling" [stack: 0x000000fb09600000,0x000000fb09700000] [id=17832]

Threads with active compile tasks:

VM state:not at safepoint (normal execution)

VM Mutex/Monitor currently owned by a thread: None

Heap address: 0x0000000600c00000, size: 8180 MB, Compressed Oops mode: Zero based, Oop shift amount: 3
Narrow klass base: 0x0000000800000000, Narrow klass shift: 0
Compressed class space size: 1073741824 Address: 0x0000000800000000

Heap:
 garbage-first heap   total 524288K, used 42967K [0x0000000600c00000, 0x0000000800000000)
  region size 2048K, 22 young (45056K), 4 survivors (8192K)
 Metaspace       used 23229K, capacity 23889K, committed 23984K, reserved 1071104K
  class space    used 2817K, capacity 3048K, committed 3072K, reserved 1048576K
Heap Regions: E=young(eden), S=young(survivor), O=old, HS=humongous(starts), HC=humongous(continues), CS=collection set, F=free, A=archive, TAMS=top-at-mark-start (previous, next)
|   0|0x0000000600c00000, 0x0000000600dc5800, 0x0000000600e00000| 88%| O|  |TAMS 0x0000000600dc5800, 0x0000000600c00000| Untracked 
|   1|0x0000000600e00000, 0x0000000600e00000, 0x0000000601000000|  0%| F|  |TAMS 0x0000000600e00000, 0x0000000600e00000| Untracked 
|   2|0x0000000601000000, 0x0000000601000000, 0x0000000601200000|  0%| F|  |TAMS 0x0000000601000000, 0x0000000601000000| Untracked 
|   3|0x0000000601200000, 0x0000000601200000, 0x0000000601400000|  0%| F|  |TAMS 0x0000000601200000, 0x0000000601200000| Untracked 
|   4|0x0000000601400000, 0x0000000601400000, 0x0000000601600000|  0%| F|  |TAMS 0x0000000601400000, 0x0000000601400000| Untracked 
|   5|0x0000000601600000, 0x0000000601600000, 0x0000000601800000|  0%| F|  |TAMS 0x0000000601600000, 0x0000000601600000| Untracked 
|   6|0x0000000601800000, 0x0000000601800000, 0x0000000601a00000|  0%| F|  |TAMS 0x0000000601800000, 0x0000000601800000| Untracked 
|   7|0x0000000601a00000, 0x0000000601a00000, 0x0000000601c00000|  0%| F|  |TAMS 0x0000000601a00000, 0x0000000601a00000| Untracked 
|   8|0x0000000601c00000, 0x0000000601c00000, 0x0000000601e00000|  0%| F|  |TAMS 0x0000000601c00000, 0x0000000601c00000| Untracked 
|   9|0x0000000601e00000, 0x0000000601e00000, 0x0000000602000000|  0%| F|  |TAMS 0x0000000601e00000, 0x0000000601e00000| Untracked 
|  10|0x0000000602000000, 0x0000000602000000, 0x0000000602200000|  0%| F|  |TAMS 0x0000000602000000, 0x0000000602000000| Untracked 
|  11|0x0000000602200000, 0x0000000602200000, 0x0000000602400000|  0%| F|  |TAMS 0x0000000602200000, 0x0000000602200000| Untracked 
|  12|0x0000000602400000, 0x0000000602400000, 0x0000000602600000|  0%| F|  |TAMS 0x0000000602400000, 0x0000000602400000| Untracked 
|  13|0x0000000602600000, 0x0000000602600000, 0x0000000602800000|  0%| F|  |TAMS 0x0000000602600000, 0x0000000602600000| Untracked 
|  14|0x0000000602800000, 0x0000000602800000, 0x0000000602a00000|  0%| F|  |TAMS 0x0000000602800000, 0x0000000602800000| Untracked 
|  15|0x0000000602a00000, 0x0000000602a00000, 0x0000000602c00000|  0%| F|  |TAMS 0x0000000602a00000, 0x0000000602a00000| Untracked 
|  16|0x0000000602c00000, 0x0000000602c00000, 0x0000000602e00000|  0%| F|  |TAMS 0x0000000602c00000, 0x0000000602c00000| Untracked 
|  17|0x0000000602e00000, 0x0000000602e00000, 0x0000000603000000|  0%| F|  |TAMS 0x0000000602e00000, 0x0000000602e00000| Untracked 
|  18|0x0000000603000000, 0x0000000603000000, 0x0000000603200000|  0%| F|  |TAMS 0x0000000603000000, 0x0000000603000000| Untracked 
|  19|0x0000000603200000, 0x0000000603200000, 0x0000000603400000|  0%| F|  |TAMS 0x0000000603200000, 0x0000000603200000| Untracked 
|  20|0x0000000603400000, 0x0000000603400000, 0x0000000603600000|  0%| F|  |TAMS 0x0000000603400000, 0x0000000603400000| Untracked 
|  21|0x0000000603600000, 0x0000000603600000, 0x0000000603800000|  0%| F|  |TAMS 0x0000000603600000, 0x0000000603600000| Untracked 
|  22|0x0000000603800000, 0x0000000603800000, 0x0000000603a00000|  0%| F|  |TAMS 0x0000000603800000, 0x0000000603800000| Untracked 
|  23|0x0000000603a00000, 0x0000000603a00000, 0x0000000603c00000|  0%| F|  |TAMS 0x0000000603a00000, 0x0000000603a00000| Untracked 
|  24|0x0000000603c00000, 0x0000000603c00000, 0x0000000603e00000|  0%| F|  |TAMS 0x0000000603c00000, 0x0000000603c00000| Untracked 
|  25|0x0000000603e00000, 0x0000000603e00000, 0x0000000604000000|  0%| F|  |TAMS 0x0000000603e00000, 0x0000000603e00000| Untracked 
|  26|0x0000000604000000, 0x0000000604000000, 0x0000000604200000|  0%| F|  |TAMS 0x0000000604000000, 0x0000000604000000| Untracked 
|  27|0x0000000604200000, 0x0000000604200000, 0x0000000604400000|  0%| F|  |TAMS 0x0000000604200000, 0x0000000604200000| Untracked 
|  28|0x0000000604400000, 0x0000000604400000, 0x0000000604600000|  0%| F|  |TAMS 0x0000000604400000, 0x0000000604400000| Untracked 
|  29|0x0000000604600000, 0x0000000604600000, 0x0000000604800000|  0%| F|  |TAMS 0x0000000604600000, 0x0000000604600000| Untracked 
|  30|0x0000000604800000, 0x0000000604800000, 0x0000000604a00000|  0%| F|  |TAMS 0x0000000604800000, 0x0000000604800000| Untracked 
|  31|0x0000000604a00000, 0x0000000604a00000, 0x0000000604c00000|  0%| F|  |TAMS 0x0000000604a00000, 0x0000000604a00000| Untracked 
|  32|0x0000000604c00000, 0x0000000604c00000, 0x0000000604e00000|  0%| F|  |TAMS 0x0000000604c00000, 0x0000000604c00000| Untracked 
|  33|0x0000000604e00000, 0x0000000604e00000, 0x0000000605000000|  0%| F|  |TAMS 0x0000000604e00000, 0x0000000604e00000| Untracked 
|  34|0x0000000605000000, 0x0000000605000000, 0x0000000605200000|  0%| F|  |TAMS 0x0000000605000000, 0x0000000605000000| Untracked 
|  35|0x0000000605200000, 0x0000000605200000, 0x0000000605400000|  0%| F|  |TAMS 0x0000000605200000, 0x0000000605200000| Untracked 
|  36|0x0000000605400000, 0x0000000605400000, 0x0000000605600000|  0%| F|  |TAMS 0x0000000605400000, 0x0000000605400000| Untracked 
|  37|0x0000000605600000, 0x0000000605600000, 0x0000000605800000|  0%| F|  |TAMS 0x0000000605600000, 0x0000000605600000| Untracked 
|  38|0x0000000605800000, 0x0000000605800000, 0x0000000605a00000|  0%| F|  |TAMS 0x0000000605800000, 0x0000000605800000| Untracked 
|  39|0x0000000605a00000, 0x0000000605a00000, 0x0000000605c00000|  0%| F|  |TAMS 0x0000000605a00000, 0x0000000605a00000| Untracked 
|  40|0x0000000605c00000, 0x0000000605c00000, 0x0000000605e00000|  0%| F|  |TAMS 0x0000000605c00000, 0x0000000605c00000| Untracked 
|  41|0x0000000605e00000, 0x0000000605e00000, 0x0000000606000000|  0%| F|  |TAMS 0x0000000605e00000, 0x0000000605e00000| Untracked 
|  42|0x0000000606000000, 0x0000000606000000, 0x0000000606200000|  0%| F|  |TAMS 0x0000000606000000, 0x0000000606000000| Untracked 
|  43|0x0000000606200000, 0x0000000606200000, 0x0000000606400000|  0%| F|  |TAMS 0x0000000606200000, 0x0000000606200000| Untracked 
|  44|0x0000000606400000, 0x0000000606400000, 0x0000000606600000|  0%| F|  |TAMS 0x0000000606400000, 0x0000000606400000| Untracked 
|  45|0x0000000606600000, 0x0000000606600000, 0x0000000606800000|  0%| F|  |TAMS 0x0000000606600000, 0x0000000606600000| Untracked 
|  46|0x0000000606800000, 0x0000000606800000, 0x0000000606a00000|  0%| F|  |TAMS 0x0000000606800000, 0x0000000606800000| Untracked 
|  47|0x0000000606a00000, 0x0000000606a00000, 0x0000000606c00000|  0%| F|  |TAMS 0x0000000606a00000, 0x0000000606a00000| Untracked 
|  48|0x0000000606c00000, 0x0000000606c00000, 0x0000000606e00000|  0%| F|  |TAMS 0x0000000606c00000, 0x0000000606c00000| Untracked 
|  49|0x0000000606e00000, 0x0000000606e00000, 0x0000000607000000|  0%| F|  |TAMS 0x0000000606e00000, 0x0000000606e00000| Untracked 
|  50|0x0000000607000000, 0x0000000607000000, 0x0000000607200000|  0%| F|  |TAMS 0x0000000607000000, 0x0000000607000000| Untracked 
|  51|0x0000000607200000, 0x0000000607200000, 0x0000000607400000|  0%| F|  |TAMS 0x0000000607200000, 0x0000000607200000| Untracked 
|  52|0x0000000607400000, 0x0000000607400000, 0x0000000607600000|  0%| F|  |TAMS 0x0000000607400000, 0x0000000607400000| Untracked 
|  53|0x0000000607600000, 0x0000000607600000, 0x0000000607800000|  0%| F|  |TAMS 0x0000000607600000, 0x0000000607600000| Untracked 
|  54|0x0000000607800000, 0x0000000607800000, 0x0000000607a00000|  0%| F|  |TAMS 0x0000000607800000, 0x0000000607800000| Untracked 
|  55|0x0000000607a00000, 0x0000000607a00000, 0x0000000607c00000|  0%| F|  |TAMS 0x0000000607a00000, 0x0000000607a00000| Untracked 
|  56|0x0000000607c00000, 0x0000000607c00000, 0x0000000607e00000|  0%| F|  |TAMS 0x0000000607c00000, 0x0000000607c00000| Untracked 
|  57|0x0000000607e00000, 0x0000000607e00000, 0x0000000608000000|  0%| F|  |TAMS 0x0000000607e00000, 0x0000000607e00000| Untracked 
|  58|0x0000000608000000, 0x0000000608000000, 0x0000000608200000|  0%| F|  |TAMS 0x0000000608000000, 0x0000000608000000| Untracked 
|  59|0x0000000608200000, 0x0000000608200000, 0x0000000608400000|  0%| F|  |TAMS 0x0000000608200000, 0x0000000608200000| Untracked 
|  60|0x0000000608400000, 0x0000000608400000, 0x0000000608600000|  0%| F|  |TAMS 0x0000000608400000, 0x0000000608400000| Untracked 
|  61|0x0000000608600000, 0x0000000608600000, 0x0000000608800000|  0%| F|  |TAMS 0x0000000608600000, 0x0000000608600000| Untracked 
|  62|0x0000000608800000, 0x0000000608800000, 0x0000000608a00000|  0%| F|  |TAMS 0x0000000608800000, 0x0000000608800000| Untracked 
|  63|0x0000000608a00000, 0x0000000608a00000, 0x0000000608c00000|  0%| F|  |TAMS 0x0000000608a00000, 0x0000000608a00000| Untracked 
|  64|0x0000000608c00000, 0x0000000608c00000, 0x0000000608e00000|  0%| F|  |TAMS 0x0000000608c00000, 0x0000000608c00000| Untracked 
|  65|0x0000000608e00000, 0x0000000608e00000, 0x0000000609000000|  0%| F|  |TAMS 0x0000000608e00000, 0x0000000608e00000| Untracked 
|  66|0x0000000609000000, 0x0000000609000000, 0x0000000609200000|  0%| F|  |TAMS 0x0000000609000000, 0x0000000609000000| Untracked 
|  67|0x0000000609200000, 0x0000000609200000, 0x0000000609400000|  0%| F|  |TAMS 0x0000000609200000, 0x0000000609200000| Untracked 
|  68|0x0000000609400000, 0x0000000609400000, 0x0000000609600000|  0%| F|  |TAMS 0x0000000609400000, 0x0000000609400000| Untracked 
|  69|0x0000000609600000, 0x0000000609600000, 0x0000000609800000|  0%| F|  |TAMS 0x0000000609600000, 0x0000000609600000| Untracked 
|  70|0x0000000609800000, 0x0000000609800000, 0x0000000609a00000|  0%| F|  |TAMS 0x0000000609800000, 0x0000000609800000| Untracked 
|  71|0x0000000609a00000, 0x0000000609a00000, 0x0000000609c00000|  0%| F|  |TAMS 0x0000000609a00000, 0x0000000609a00000| Untracked 
|  72|0x0000000609c00000, 0x0000000609c00000, 0x0000000609e00000|  0%| F|  |TAMS 0x0000000609c00000, 0x0000000609c00000| Untracked 
|  73|0x0000000609e00000, 0x0000000609e00000, 0x000000060a000000|  0%| F|  |TAMS 0x0000000609e00000, 0x0000000609e00000| Untracked 
|  74|0x000000060a000000, 0x000000060a000000, 0x000000060a200000|  0%| F|  |TAMS 0x000000060a000000, 0x000000060a000000| Untracked 
|  75|0x000000060a200000, 0x000000060a200000, 0x000000060a400000|  0%| F|  |TAMS 0x000000060a200000, 0x000000060a200000| Untracked 
|  76|0x000000060a400000, 0x000000060a400000, 0x000000060a600000|  0%| F|  |TAMS 0x000000060a400000, 0x000000060a400000| Untracked 
|  77|0x000000060a600000, 0x000000060a600000, 0x000000060a800000|  0%| F|  |TAMS 0x000000060a600000, 0x000000060a600000| Untracked 
|  78|0x000000060a800000, 0x000000060a800000, 0x000000060aa00000|  0%| F|  |TAMS 0x000000060a800000, 0x000000060a800000| Untracked 
|  79|0x000000060aa00000, 0x000000060aa00000, 0x000000060ac00000|  0%| F|  |TAMS 0x000000060aa00000, 0x000000060aa00000| Untracked 
|  80|0x000000060ac00000, 0x000000060ac00000, 0x000000060ae00000|  0%| F|  |TAMS 0x000000060ac00000, 0x000000060ac00000| Untracked 
|  81|0x000000060ae00000, 0x000000060ae00000, 0x000000060b000000|  0%| F|  |TAMS 0x000000060ae00000, 0x000000060ae00000| Untracked 
|  82|0x000000060b000000, 0x000000060b000000, 0x000000060b200000|  0%| F|  |TAMS 0x000000060b000000, 0x000000060b000000| Untracked 
|  83|0x000000060b200000, 0x000000060b200000, 0x000000060b400000|  0%| F|  |TAMS 0x000000060b200000, 0x000000060b200000| Untracked 
|  84|0x000000060b400000, 0x000000060b400000, 0x000000060b600000|  0%| F|  |TAMS 0x000000060b400000, 0x000000060b400000| Untracked 
|  85|0x000000060b600000, 0x000000060b600000, 0x000000060b800000|  0%| F|  |TAMS 0x000000060b600000, 0x000000060b600000| Untracked 
|  86|0x000000060b800000, 0x000000060b800000, 0x000000060ba00000|  0%| F|  |TAMS 0x000000060b800000, 0x000000060b800000| Untracked 
|  87|0x000000060ba00000, 0x000000060ba00000, 0x000000060bc00000|  0%| F|  |TAMS 0x000000060ba00000, 0x000000060ba00000| Untracked 
|  88|0x000000060bc00000, 0x000000060bc00000, 0x000000060be00000|  0%| F|  |TAMS 0x000000060bc00000, 0x000000060bc00000| Untracked 
|  89|0x000000060be00000, 0x000000060be00000, 0x000000060c000000|  0%| F|  |TAMS 0x000000060be00000, 0x000000060be00000| Untracked 
|  90|0x000000060c000000, 0x000000060c000000, 0x000000060c200000|  0%| F|  |TAMS 0x000000060c000000, 0x000000060c000000| Untracked 
|  91|0x000000060c200000, 0x000000060c200000, 0x000000060c400000|  0%| F|  |TAMS 0x000000060c200000, 0x000000060c200000| Untracked 
|  92|0x000000060c400000, 0x000000060c400000, 0x000000060c600000|  0%| F|  |TAMS 0x000000060c400000, 0x000000060c400000| Untracked 
|  93|0x000000060c600000, 0x000000060c600000, 0x000000060c800000|  0%| F|  |TAMS 0x000000060c600000, 0x000000060c600000| Untracked 
|  94|0x000000060c800000, 0x000000060c800000, 0x000000060ca00000|  0%| F|  |TAMS 0x000000060c800000, 0x000000060c800000| Untracked 
|  95|0x000000060ca00000, 0x000000060ca00000, 0x000000060cc00000|  0%| F|  |TAMS 0x000000060ca00000, 0x000000060ca00000| Untracked 
|  96|0x000000060cc00000, 0x000000060cc00000, 0x000000060ce00000|  0%| F|  |TAMS 0x000000060cc00000, 0x000000060cc00000| Untracked 
|  97|0x000000060ce00000, 0x000000060ce00000, 0x000000060d000000|  0%| F|  |TAMS 0x000000060ce00000, 0x000000060ce00000| Untracked 
|  98|0x000000060d000000, 0x000000060d000000, 0x000000060d200000|  0%| F|  |TAMS 0x000000060d000000, 0x000000060d000000| Untracked 
|  99|0x000000060d200000, 0x000000060d200000, 0x000000060d400000|  0%| F|  |TAMS 0x000000060d200000, 0x000000060d200000| Untracked 
| 100|0x000000060d400000, 0x000000060d400000, 0x000000060d600000|  0%| F|  |TAMS 0x000000060d400000, 0x000000060d400000| Untracked 
| 101|0x000000060d600000, 0x000000060d600000, 0x000000060d800000|  0%| F|  |TAMS 0x000000060d600000, 0x000000060d600000| Untracked 
| 102|0x000000060d800000, 0x000000060d800000, 0x000000060da00000|  0%| F|  |TAMS 0x000000060d800000, 0x000000060d800000| Untracked 
| 103|0x000000060da00000, 0x000000060da00000, 0x000000060dc00000|  0%| F|  |TAMS 0x000000060da00000, 0x000000060da00000| Untracked 
| 104|0x000000060dc00000, 0x000000060dc00000, 0x000000060de00000|  0%| F|  |TAMS 0x000000060dc00000, 0x000000060dc00000| Untracked 
| 105|0x000000060de00000, 0x000000060de00000, 0x000000060e000000|  0%| F|  |TAMS 0x000000060de00000, 0x000000060de00000| Untracked 
| 106|0x000000060e000000, 0x000000060e000000, 0x000000060e200000|  0%| F|  |TAMS 0x000000060e000000, 0x000000060e000000| Untracked 
| 107|0x000000060e200000, 0x000000060e200000, 0x000000060e400000|  0%| F|  |TAMS 0x000000060e200000, 0x000000060e200000| Untracked 
| 108|0x000000060e400000, 0x000000060e400000, 0x000000060e600000|  0%| F|  |TAMS 0x000000060e400000, 0x000000060e400000| Untracked 
| 109|0x000000060e600000, 0x000000060e600000, 0x000000060e800000|  0%| F|  |TAMS 0x000000060e600000, 0x000000060e600000| Untracked 
| 110|0x000000060e800000, 0x000000060e800000, 0x000000060ea00000|  0%| F|  |TAMS 0x000000060e800000, 0x000000060e800000| Untracked 
| 111|0x000000060ea00000, 0x000000060ea00000, 0x000000060ec00000|  0%| F|  |TAMS 0x000000060ea00000, 0x000000060ea00000| Untracked 
| 112|0x000000060ec00000, 0x000000060ec00000, 0x000000060ee00000|  0%| F|  |TAMS 0x000000060ec00000, 0x000000060ec00000| Untracked 
| 113|0x000000060ee00000, 0x000000060ee00000, 0x000000060f000000|  0%| F|  |TAMS 0x000000060ee00000, 0x000000060ee00000| Untracked 
| 114|0x000000060f000000, 0x000000060f000000, 0x000000060f200000|  0%| F|  |TAMS 0x000000060f000000, 0x000000060f000000| Untracked 
| 115|0x000000060f200000, 0x000000060f200000, 0x000000060f400000|  0%| F|  |TAMS 0x000000060f200000, 0x000000060f200000| Untracked 
| 116|0x000000060f400000, 0x000000060f400000, 0x000000060f600000|  0%| F|  |TAMS 0x000000060f400000, 0x000000060f400000| Untracked 
| 117|0x000000060f600000, 0x000000060f600000, 0x000000060f800000|  0%| F|  |TAMS 0x000000060f600000, 0x000000060f600000| Untracked 
| 118|0x000000060f800000, 0x000000060f800000, 0x000000060fa00000|  0%| F|  |TAMS 0x000000060f800000, 0x000000060f800000| Untracked 
| 119|0x000000060fa00000, 0x000000060fa00000, 0x000000060fc00000|  0%| F|  |TAMS 0x000000060fa00000, 0x000000060fa00000| Untracked 
| 120|0x000000060fc00000, 0x000000060fc00000, 0x000000060fe00000|  0%| F|  |TAMS 0x000000060fc00000, 0x000000060fc00000| Untracked 
| 121|0x000000060fe00000, 0x000000060fe00000, 0x0000000610000000|  0%| F|  |TAMS 0x000000060fe00000, 0x000000060fe00000| Untracked 
| 122|0x0000000610000000, 0x0000000610000000, 0x0000000610200000|  0%| F|  |TAMS 0x0000000610000000, 0x0000000610000000| Untracked 
| 123|0x0000000610200000, 0x0000000610200000, 0x0000000610400000|  0%| F|  |TAMS 0x0000000610200000, 0x0000000610200000| Untracked 
| 124|0x0000000610400000, 0x0000000610400000, 0x0000000610600000|  0%| F|  |TAMS 0x0000000610400000, 0x0000000610400000| Untracked 
| 125|0x0000000610600000, 0x0000000610600000, 0x0000000610800000|  0%| F|  |TAMS 0x0000000610600000, 0x0000000610600000| Untracked 
| 126|0x0000000610800000, 0x0000000610800000, 0x0000000610a00000|  0%| F|  |TAMS 0x0000000610800000, 0x0000000610800000| Untracked 
| 127|0x0000000610a00000, 0x0000000610a00000, 0x0000000610c00000|  0%| F|  |TAMS 0x0000000610a00000, 0x0000000610a00000| Untracked 
| 128|0x0000000610c00000, 0x0000000610c00000, 0x0000000610e00000|  0%| F|  |TAMS 0x0000000610c00000, 0x0000000610c00000| Untracked 
| 129|0x0000000610e00000, 0x0000000610e00000, 0x0000000611000000|  0%| F|  |TAMS 0x0000000610e00000, 0x0000000610e00000| Untracked 
| 130|0x0000000611000000, 0x0000000611000000, 0x0000000611200000|  0%| F|  |TAMS 0x0000000611000000, 0x0000000611000000| Untracked 
| 131|0x0000000611200000, 0x0000000611200000, 0x0000000611400000|  0%| F|  |TAMS 0x0000000611200000, 0x0000000611200000| Untracked 
| 132|0x0000000611400000, 0x0000000611400000, 0x0000000611600000|  0%| F|  |TAMS 0x0000000611400000, 0x0000000611400000| Untracked 
| 133|0x0000000611600000, 0x0000000611600000, 0x0000000611800000|  0%| F|  |TAMS 0x0000000611600000, 0x0000000611600000| Untracked 
| 134|0x0000000611800000, 0x0000000611800000, 0x0000000611a00000|  0%| F|  |TAMS 0x0000000611800000, 0x0000000611800000| Untracked 
| 135|0x0000000611a00000, 0x0000000611a00000, 0x0000000611c00000|  0%| F|  |TAMS 0x0000000611a00000, 0x0000000611a00000| Untracked 
| 136|0x0000000611c00000, 0x0000000611c00000, 0x0000000611e00000|  0%| F|  |TAMS 0x0000000611c00000, 0x0000000611c00000| Untracked 
| 137|0x0000000611e00000, 0x0000000611e00000, 0x0000000612000000|  0%| F|  |TAMS 0x0000000611e00000, 0x0000000611e00000| Untracked 
| 138|0x0000000612000000, 0x0000000612000000, 0x0000000612200000|  0%| F|  |TAMS 0x0000000612000000, 0x0000000612000000| Untracked 
| 139|0x0000000612200000, 0x0000000612200000, 0x0000000612400000|  0%| F|  |TAMS 0x0000000612200000, 0x0000000612200000| Untracked 
| 140|0x0000000612400000, 0x0000000612400000, 0x0000000612600000|  0%| F|  |TAMS 0x0000000612400000, 0x0000000612400000| Untracked 
| 141|0x0000000612600000, 0x0000000612600000, 0x0000000612800000|  0%| F|  |TAMS 0x0000000612600000, 0x0000000612600000| Untracked 
| 142|0x0000000612800000, 0x0000000612800000, 0x0000000612a00000|  0%| F|  |TAMS 0x0000000612800000, 0x0000000612800000| Untracked 
| 143|0x0000000612a00000, 0x0000000612a00000, 0x0000000612c00000|  0%| F|  |TAMS 0x0000000612a00000, 0x0000000612a00000| Untracked 
| 144|0x0000000612c00000, 0x0000000612c00000, 0x0000000612e00000|  0%| F|  |TAMS 0x0000000612c00000, 0x0000000612c00000| Untracked 
| 145|0x0000000612e00000, 0x0000000612e00000, 0x0000000613000000|  0%| F|  |TAMS 0x0000000612e00000, 0x0000000612e00000| Untracked 
| 146|0x0000000613000000, 0x0000000613000000, 0x0000000613200000|  0%| F|  |TAMS 0x0000000613000000, 0x0000000613000000| Untracked 
| 147|0x0000000613200000, 0x0000000613200000, 0x0000000613400000|  0%| F|  |TAMS 0x0000000613200000, 0x0000000613200000| Untracked 
| 148|0x0000000613400000, 0x0000000613400000, 0x0000000613600000|  0%| F|  |TAMS 0x0000000613400000, 0x0000000613400000| Untracked 
| 149|0x0000000613600000, 0x0000000613600000, 0x0000000613800000|  0%| F|  |TAMS 0x0000000613600000, 0x0000000613600000| Untracked 
| 150|0x0000000613800000, 0x0000000613800000, 0x0000000613a00000|  0%| F|  |TAMS 0x0000000613800000, 0x0000000613800000| Untracked 
| 151|0x0000000613a00000, 0x0000000613a00000, 0x0000000613c00000|  0%| F|  |TAMS 0x0000000613a00000, 0x0000000613a00000| Untracked 
| 152|0x0000000613c00000, 0x0000000613c00000, 0x0000000613e00000|  0%| F|  |TAMS 0x0000000613c00000, 0x0000000613c00000| Untracked 
| 153|0x0000000613e00000, 0x0000000613e00000, 0x0000000614000000|  0%| F|  |TAMS 0x0000000613e00000, 0x0000000613e00000| Untracked 
| 154|0x0000000614000000, 0x0000000614000000, 0x0000000614200000|  0%| F|  |TAMS 0x0000000614000000, 0x0000000614000000| Untracked 
| 155|0x0000000614200000, 0x0000000614200000, 0x0000000614400000|  0%| F|  |TAMS 0x0000000614200000, 0x0000000614200000| Untracked 
| 156|0x0000000614400000, 0x0000000614400000, 0x0000000614600000|  0%| F|  |TAMS 0x0000000614400000, 0x0000000614400000| Untracked 
| 157|0x0000000614600000, 0x0000000614600000, 0x0000000614800000|  0%| F|  |TAMS 0x0000000614600000, 0x0000000614600000| Untracked 
| 158|0x0000000614800000, 0x0000000614800000, 0x0000000614a00000|  0%| F|  |TAMS 0x0000000614800000, 0x0000000614800000| Untracked 
| 159|0x0000000614a00000, 0x0000000614a00000, 0x0000000614c00000|  0%| F|  |TAMS 0x0000000614a00000, 0x0000000614a00000| Untracked 
| 160|0x0000000614c00000, 0x0000000614c00000, 0x0000000614e00000|  0%| F|  |TAMS 0x0000000614c00000, 0x0000000614c00000| Untracked 
| 161|0x0000000614e00000, 0x0000000614e00000, 0x0000000615000000|  0%| F|  |TAMS 0x0000000614e00000, 0x0000000614e00000| Untracked 
| 162|0x0000000615000000, 0x0000000615000000, 0x0000000615200000|  0%| F|  |TAMS 0x0000000615000000, 0x0000000615000000| Untracked 
| 163|0x0000000615200000, 0x0000000615200000, 0x0000000615400000|  0%| F|  |TAMS 0x0000000615200000, 0x0000000615200000| Untracked 
| 164|0x0000000615400000, 0x0000000615400000, 0x0000000615600000|  0%| F|  |TAMS 0x0000000615400000, 0x0000000615400000| Untracked 
| 165|0x0000000615600000, 0x0000000615600000, 0x0000000615800000|  0%| F|  |TAMS 0x0000000615600000, 0x0000000615600000| Untracked 
| 166|0x0000000615800000, 0x0000000615800000, 0x0000000615a00000|  0%| F|  |TAMS 0x0000000615800000, 0x0000000615800000| Untracked 
| 167|0x0000000615a00000, 0x0000000615a00000, 0x0000000615c00000|  0%| F|  |TAMS 0x0000000615a00000, 0x0000000615a00000| Untracked 
| 168|0x0000000615c00000, 0x0000000615c00000, 0x0000000615e00000|  0%| F|  |TAMS 0x0000000615c00000, 0x0000000615c00000| Untracked 
| 169|0x0000000615e00000, 0x0000000615e00000, 0x0000000616000000|  0%| F|  |TAMS 0x0000000615e00000, 0x0000000615e00000| Untracked 
| 170|0x0000000616000000, 0x0000000616000000, 0x0000000616200000|  0%| F|  |TAMS 0x0000000616000000, 0x0000000616000000| Untracked 
| 171|0x0000000616200000, 0x0000000616200000, 0x0000000616400000|  0%| F|  |TAMS 0x0000000616200000, 0x0000000616200000| Untracked 
| 172|0x0000000616400000, 0x0000000616400000, 0x0000000616600000|  0%| F|  |TAMS 0x0000000616400000, 0x0000000616400000| Untracked 
| 173|0x0000000616600000, 0x0000000616600000, 0x0000000616800000|  0%| F|  |TAMS 0x0000000616600000, 0x0000000616600000| Untracked 
| 174|0x0000000616800000, 0x0000000616800000, 0x0000000616a00000|  0%| F|  |TAMS 0x0000000616800000, 0x0000000616800000| Untracked 
| 175|0x0000000616a00000, 0x0000000616a00000, 0x0000000616c00000|  0%| F|  |TAMS 0x0000000616a00000, 0x0000000616a00000| Untracked 
| 176|0x0000000616c00000, 0x0000000616c00000, 0x0000000616e00000|  0%| F|  |TAMS 0x0000000616c00000, 0x0000000616c00000| Untracked 
| 177|0x0000000616e00000, 0x0000000616e00000, 0x0000000617000000|  0%| F|  |TAMS 0x0000000616e00000, 0x0000000616e00000| Untracked 
| 178|0x0000000617000000, 0x0000000617000000, 0x0000000617200000|  0%| F|  |TAMS 0x0000000617000000, 0x0000000617000000| Untracked 
| 179|0x0000000617200000, 0x0000000617200000, 0x0000000617400000|  0%| F|  |TAMS 0x0000000617200000, 0x0000000617200000| Untracked 
| 180|0x0000000617400000, 0x0000000617400000, 0x0000000617600000|  0%| F|  |TAMS 0x0000000617400000, 0x0000000617400000| Untracked 
| 181|0x0000000617600000, 0x0000000617600000, 0x0000000617800000|  0%| F|  |TAMS 0x0000000617600000, 0x0000000617600000| Untracked 
| 182|0x0000000617800000, 0x0000000617800000, 0x0000000617a00000|  0%| F|  |TAMS 0x0000000617800000, 0x0000000617800000| Untracked 
| 183|0x0000000617a00000, 0x0000000617a00000, 0x0000000617c00000|  0%| F|  |TAMS 0x0000000617a00000, 0x0000000617a00000| Untracked 
| 184|0x0000000617c00000, 0x0000000617c00000, 0x0000000617e00000|  0%| F|  |TAMS 0x0000000617c00000, 0x0000000617c00000| Untracked 
| 185|0x0000000617e00000, 0x0000000617e00000, 0x0000000618000000|  0%| F|  |TAMS 0x0000000617e00000, 0x0000000617e00000| Untracked 
| 186|0x0000000618000000, 0x0000000618000000, 0x0000000618200000|  0%| F|  |TAMS 0x0000000618000000, 0x0000000618000000| Untracked 
| 187|0x0000000618200000, 0x0000000618200000, 0x0000000618400000|  0%| F|  |TAMS 0x0000000618200000, 0x0000000618200000| Untracked 
| 188|0x0000000618400000, 0x0000000618400000, 0x0000000618600000|  0%| F|  |TAMS 0x0000000618400000, 0x0000000618400000| Untracked 
| 189|0x0000000618600000, 0x0000000618600000, 0x0000000618800000|  0%| F|  |TAMS 0x0000000618600000, 0x0000000618600000| Untracked 
| 190|0x0000000618800000, 0x0000000618800000, 0x0000000618a00000|  0%| F|  |TAMS 0x0000000618800000, 0x0000000618800000| Untracked 
| 191|0x0000000618a00000, 0x0000000618a00000, 0x0000000618c00000|  0%| F|  |TAMS 0x0000000618a00000, 0x0000000618a00000| Untracked 
| 192|0x0000000618c00000, 0x0000000618c00000, 0x0000000618e00000|  0%| F|  |TAMS 0x0000000618c00000, 0x0000000618c00000| Untracked 
| 193|0x0000000618e00000, 0x0000000618e00000, 0x0000000619000000|  0%| F|  |TAMS 0x0000000618e00000, 0x0000000618e00000| Untracked 
| 194|0x0000000619000000, 0x0000000619000000, 0x0000000619200000|  0%| F|  |TAMS 0x0000000619000000, 0x0000000619000000| Untracked 
| 195|0x0000000619200000, 0x0000000619200000, 0x0000000619400000|  0%| F|  |TAMS 0x0000000619200000, 0x0000000619200000| Untracked 
| 196|0x0000000619400000, 0x0000000619400000, 0x0000000619600000|  0%| F|  |TAMS 0x0000000619400000, 0x0000000619400000| Untracked 
| 197|0x0000000619600000, 0x0000000619600000, 0x0000000619800000|  0%| F|  |TAMS 0x0000000619600000, 0x0000000619600000| Untracked 
| 198|0x0000000619800000, 0x0000000619800000, 0x0000000619a00000|  0%| F|  |TAMS 0x0000000619800000, 0x0000000619800000| Untracked 
| 199|0x0000000619a00000, 0x0000000619a00000, 0x0000000619c00000|  0%| F|  |TAMS 0x0000000619a00000, 0x0000000619a00000| Untracked 
| 200|0x0000000619c00000, 0x0000000619c00000, 0x0000000619e00000|  0%| F|  |TAMS 0x0000000619c00000, 0x0000000619c00000| Untracked 
| 201|0x0000000619e00000, 0x0000000619e00000, 0x000000061a000000|  0%| F|  |TAMS 0x0000000619e00000, 0x0000000619e00000| Untracked 
| 202|0x000000061a000000, 0x000000061a000000, 0x000000061a200000|  0%| F|  |TAMS 0x000000061a000000, 0x000000061a000000| Untracked 
| 203|0x000000061a200000, 0x000000061a200000, 0x000000061a400000|  0%| F|  |TAMS 0x000000061a200000, 0x000000061a200000| Untracked 
| 204|0x000000061a400000, 0x000000061a400000, 0x000000061a600000|  0%| F|  |TAMS 0x000000061a400000, 0x000000061a400000| Untracked 
| 205|0x000000061a600000, 0x000000061a600000, 0x000000061a800000|  0%| F|  |TAMS 0x000000061a600000, 0x000000061a600000| Untracked 
| 206|0x000000061a800000, 0x000000061a800000, 0x000000061aa00000|  0%| F|  |TAMS 0x000000061a800000, 0x000000061a800000| Untracked 
| 207|0x000000061aa00000, 0x000000061aa00000, 0x000000061ac00000|  0%| F|  |TAMS 0x000000061aa00000, 0x000000061aa00000| Untracked 
| 208|0x000000061ac00000, 0x000000061ac00000, 0x000000061ae00000|  0%| F|  |TAMS 0x000000061ac00000, 0x000000061ac00000| Untracked 
| 209|0x000000061ae00000, 0x000000061ae00000, 0x000000061b000000|  0%| F|  |TAMS 0x000000061ae00000, 0x000000061ae00000| Untracked 
| 210|0x000000061b000000, 0x000000061b000000, 0x000000061b200000|  0%| F|  |TAMS 0x000000061b000000, 0x000000061b000000| Untracked 
| 211|0x000000061b200000, 0x000000061b200000, 0x000000061b400000|  0%| F|  |TAMS 0x000000061b200000, 0x000000061b200000| Untracked 
| 212|0x000000061b400000, 0x000000061b400000, 0x000000061b600000|  0%| F|  |TAMS 0x000000061b400000, 0x000000061b400000| Untracked 
| 213|0x000000061b600000, 0x000000061b600000, 0x000000061b800000|  0%| F|  |TAMS 0x000000061b600000, 0x000000061b600000| Untracked 
| 214|0x000000061b800000, 0x000000061b800000, 0x000000061ba00000|  0%| F|  |TAMS 0x000000061b800000, 0x000000061b800000| Untracked 
| 215|0x000000061ba00000, 0x000000061ba00000, 0x000000061bc00000|  0%| F|  |TAMS 0x000000061ba00000, 0x000000061ba00000| Untracked 
| 216|0x000000061bc00000, 0x000000061bc00000, 0x000000061be00000|  0%| F|  |TAMS 0x000000061bc00000, 0x000000061bc00000| Untracked 
| 217|0x000000061be00000, 0x000000061be00000, 0x000000061c000000|  0%| F|  |TAMS 0x000000061be00000, 0x000000061be00000| Untracked 
| 218|0x000000061c000000, 0x000000061c000000, 0x000000061c200000|  0%| F|  |TAMS 0x000000061c000000, 0x000000061c000000| Untracked 
| 219|0x000000061c200000, 0x000000061c200000, 0x000000061c400000|  0%| F|  |TAMS 0x000000061c200000, 0x000000061c200000| Untracked 
| 220|0x000000061c400000, 0x000000061c400000, 0x000000061c600000|  0%| F|  |TAMS 0x000000061c400000, 0x000000061c400000| Untracked 
| 221|0x000000061c600000, 0x000000061c600000, 0x000000061c800000|  0%| F|  |TAMS 0x000000061c600000, 0x000000061c600000| Untracked 
| 222|0x000000061c800000, 0x000000061c830778, 0x000000061ca00000|  9%| S|CS|TAMS 0x000000061c800000, 0x000000061c800000| Complete 
| 223|0x000000061ca00000, 0x000000061cc00000, 0x000000061cc00000|100%| S|CS|TAMS 0x000000061ca00000, 0x000000061ca00000| Complete 
| 224|0x000000061cc00000, 0x000000061ce00000, 0x000000061ce00000|100%| S|CS|TAMS 0x000000061cc00000, 0x000000061cc00000| Complete 
| 225|0x000000061ce00000, 0x000000061d000000, 0x000000061d000000|100%| S|CS|TAMS 0x000000061ce00000, 0x000000061ce00000| Complete 
| 226|0x000000061d000000, 0x000000061d000000, 0x000000061d200000|  0%| F|  |TAMS 0x000000061d000000, 0x000000061d000000| Untracked 
| 227|0x000000061d200000, 0x000000061d200000, 0x000000061d400000|  0%| F|  |TAMS 0x000000061d200000, 0x000000061d200000| Untracked 
| 228|0x000000061d400000, 0x000000061d400000, 0x000000061d600000|  0%| F|  |TAMS 0x000000061d400000, 0x000000061d400000| Untracked 
| 229|0x000000061d600000, 0x000000061d600000, 0x000000061d800000|  0%| F|  |TAMS 0x000000061d600000, 0x000000061d600000| Untracked 
| 230|0x000000061d800000, 0x000000061d800000, 0x000000061da00000|  0%| F|  |TAMS 0x000000061d800000, 0x000000061d800000| Untracked 
| 231|0x000000061da00000, 0x000000061da00000, 0x000000061dc00000|  0%| F|  |TAMS 0x000000061da00000, 0x000000061da00000| Untracked 
| 232|0x000000061dc00000, 0x000000061dc00000, 0x000000061de00000|  0%| F|  |TAMS 0x000000061dc00000, 0x000000061dc00000| Untracked 
| 233|0x000000061de00000, 0x000000061de00000, 0x000000061e000000|  0%| F|  |TAMS 0x000000061de00000, 0x000000061de00000| Untracked 
| 234|0x000000061e000000, 0x000000061e000000, 0x000000061e200000|  0%| F|  |TAMS 0x000000061e000000, 0x000000061e000000| Untracked 
| 235|0x000000061e200000, 0x000000061e200000, 0x000000061e400000|  0%| F|  |TAMS 0x000000061e200000, 0x000000061e200000| Untracked 
| 236|0x000000061e400000, 0x000000061e400000, 0x000000061e600000|  0%| F|  |TAMS 0x000000061e400000, 0x000000061e400000| Untracked 
| 237|0x000000061e600000, 0x000000061e600000, 0x000000061e800000|  0%| F|  |TAMS 0x000000061e600000, 0x000000061e600000| Untracked 
| 238|0x000000061e800000, 0x000000061e8bcef8, 0x000000061ea00000| 36%| E|  |TAMS 0x000000061e800000, 0x000000061e800000| Complete 
| 239|0x000000061ea00000, 0x000000061ec00000, 0x000000061ec00000|100%| E|CS|TAMS 0x000000061ea00000, 0x000000061ea00000| Complete 
| 240|0x000000061ec00000, 0x000000061ee00000, 0x000000061ee00000|100%| E|CS|TAMS 0x000000061ec00000, 0x000000061ec00000| Complete 
| 241|0x000000061ee00000, 0x000000061f000000, 0x000000061f000000|100%| E|CS|TAMS 0x000000061ee00000, 0x000000061ee00000| Complete 
| 242|0x000000061f000000, 0x000000061f200000, 0x000000061f200000|100%| E|CS|TAMS 0x000000061f000000, 0x000000061f000000| Complete 
| 243|0x000000061f200000, 0x000000061f400000, 0x000000061f400000|100%| E|CS|TAMS 0x000000061f200000, 0x000000061f200000| Complete 
| 244|0x000000061f400000, 0x000000061f600000, 0x000000061f600000|100%| E|CS|TAMS 0x000000061f400000, 0x000000061f400000| Complete 
| 245|0x000000061f600000, 0x000000061f800000, 0x000000061f800000|100%| E|CS|TAMS 0x000000061f600000, 0x000000061f600000| Complete 
| 246|0x000000061f800000, 0x000000061fa00000, 0x000000061fa00000|100%| E|CS|TAMS 0x000000061f800000, 0x000000061f800000| Complete 
| 247|0x000000061fa00000, 0x000000061fc00000, 0x000000061fc00000|100%| E|CS|TAMS 0x000000061fa00000, 0x000000061fa00000| Complete 
| 248|0x000000061fc00000, 0x000000061fe00000, 0x000000061fe00000|100%| E|CS|TAMS 0x000000061fc00000, 0x000000061fc00000| Complete 
| 249|0x000000061fe00000, 0x0000000620000000, 0x0000000620000000|100%| E|CS|TAMS 0x000000061fe00000, 0x000000061fe00000| Complete 
| 250|0x0000000620000000, 0x0000000620200000, 0x0000000620200000|100%| E|CS|TAMS 0x0000000620000000, 0x0000000620000000| Complete 
| 251|0x0000000620200000, 0x0000000620400000, 0x0000000620400000|100%| E|CS|TAMS 0x0000000620200000, 0x0000000620200000| Complete 
| 252|0x0000000620400000, 0x0000000620600000, 0x0000000620600000|100%| E|CS|TAMS 0x0000000620400000, 0x0000000620400000| Complete 
| 253|0x0000000620600000, 0x0000000620800000, 0x0000000620800000|100%| E|CS|TAMS 0x0000000620600000, 0x0000000620600000| Complete 
| 254|0x0000000620800000, 0x0000000620a00000, 0x0000000620a00000|100%| E|CS|TAMS 0x0000000620800000, 0x0000000620800000| Complete 
| 255|0x0000000620a00000, 0x0000000620c00000, 0x0000000620c00000|100%| E|CS|TAMS 0x0000000620a00000, 0x0000000620a00000| Complete 

Card table byte_map: [0x000002107ab80000,0x000002107bb80000] _byte_map_base: 0x0000021077b7a000

Marking Bits (Prev, Next): (CMBitMap*) 0x0000021071fed520, (CMBitMap*) 0x0000021071fed4e8
 Prev Bits: [0x0000021016fd0000, 0x000002101efa0000)
 Next Bits: [0x000002100f000000, 0x0000021016fd0000)

Polling page: 0x000002106fc70000

Metaspace:

Usage:
  Non-class:     20.35 MB capacity,    19.93 MB ( 98%) used,   368.29 KB (  2%) free+waste,    61.69 KB ( <1%) overhead. 
      Class:      2.98 MB capacity,     2.75 MB ( 92%) used,   197.95 KB (  6%) free+waste,    32.06 KB (  1%) overhead. 
       Both:     23.33 MB capacity,    22.68 MB ( 97%) used,   566.23 KB (  2%) free+waste,    93.75 KB ( <1%) overhead. 

Virtual space:
  Non-class space:       22.00 MB reserved,      20.42 MB ( 93%) committed 
      Class space:        1.00 GB reserved,       3.00 MB ( <1%) committed 
             Both:        1.02 GB reserved,      23.42 MB (  2%) committed 

Chunk freelists:
   Non-Class:  896 bytes
       Class:  3.00 KB
        Both:  3.88 KB

CodeHeap 'non-profiled nmethods': size=238336Kb used=3390Kb max_used=3390Kb free=234945Kb
 bounds [0x0000021000740000, 0x0000021000a90000, 0x000002100f000000]
CodeHeap 'non-nmethods': size=7424Kb used=1124Kb max_used=1124Kb free=6299Kb
 bounds [0x0000021000000000, 0x0000021000270000, 0x0000021000740000]
 total_blobs=2745 nmethods=2314 adapters=357
 compilation: enabled
              stopped_count=0, restarted_count=0
 full_count=0

Compilation events (10 events):
Event: 0.841 Thread 0x000002107fae6800 2314       1       java.util.IdentityHashMap::get (60 bytes)
Event: 0.841 Thread 0x000002107fae6800 nmethod 2314 0x0000021000a8de90 code [0x0000021000a8e040, 0x0000021000a8e208]
Event: 0.841 Thread 0x000002107fae6800 2310       1       org.springframework.core.type.classreading.MergedAnnotationReadingVisitor::visitArray (16 bytes)
Event: 0.841 Thread 0x000002107fae6800 nmethod 2310 0x0000021000a8e310 code [0x0000021000a8e4e0, 0x0000021000a8e988]
Event: 0.841 Thread 0x000002107fae6800 2311       1       org.springframework.core.type.classreading.MergedAnnotationReadingVisitor$$Lambda$244/0x00000008002b5c40::get$Lambda (10 bytes)
Event: 0.841 Thread 0x000002107fae6800 nmethod 2311 0x0000021000a8eb10 code [0x0000021000a8eca0, 0x0000021000a8ee38]
Event: 0.841 Thread 0x000002107fae6800 2312       1       org.springframework.core.type.classreading.MergedAnnotationReadingVisitor$$Lambda$244/0x00000008002b5c40::<init> (15 bytes)
Event: 0.841 Thread 0x000002107fae6800 nmethod 2312 0x0000021000a8ef10 code [0x0000021000a8f0a0, 0x0000021000a8f1f8]
Event: 0.841 Thread 0x000002107fae6800 2313       1       java.lang.Class::getDeclaredConstructor (31 bytes)
Event: 0.841 Thread 0x000002107fae6800 nmethod 2313 0x0000021000a8f290 code [0x0000021000a8f480, 0x0000021000a8f808]

GC Heap History (4 events):
Event: 0.377 GC heap before
{Heap before GC invocations=0 (full 0):
 garbage-first heap   total 524288K, used 22528K [0x0000000600c00000, 0x0000000800000000)
  region size 2048K, 12 young (24576K), 0 survivors (0K)
 Metaspace       used 11192K, capacity 11347K, committed 11520K, reserved 1058816K
  class space    used 1155K, capacity 1239K, committed 1280K, reserved 1048576K
}
Event: 0.380 GC heap after
{Heap after GC invocations=1 (full 0):
 garbage-first heap   total 524288K, used 5910K [0x0000000600c00000, 0x0000000800000000)
  region size 2048K, 2 young (4096K), 2 survivors (4096K)
 Metaspace       used 11192K, capacity 11347K, committed 11520K, reserved 1058816K
  class space    used 1155K, capacity 1239K, committed 1280K, reserved 1048576K
}
Event: 0.616 GC heap before
{Heap before GC invocations=1 (full 0):
 garbage-first heap   total 524288K, used 61206K [0x0000000600c00000, 0x0000000800000000)
  region size 2048K, 30 young (61440K), 2 survivors (4096K)
 Metaspace       used 20773K, capacity 21218K, committed 21296K, reserved 1069056K
  class space    used 2478K, capacity 2671K, committed 2688K, reserved 1048576K
}
Event: 0.621 GC heap after
{Heap after GC invocations=2 (full 0):
 garbage-first heap   total 524288K, used 8151K [0x0000000600c00000, 0x0000000800000000)
  region size 2048K, 4 young (8192K), 4 survivors (8192K)
 Metaspace       used 20773K, capacity 21218K, committed 21296K, reserved 1069056K
  class space    used 2478K, capacity 2671K, committed 2688K, reserved 1048576K
}

Deoptimization events (0 events):
No events

Classes redefined (0 events):
No events

Internal exceptions (10 events):
Event: 0.632 Thread 0x000002101feb3000 Exception <a 'java/lang/ClassNotFoundException'{0x00000006208f52e8}: org/springframework/context/EnvironmentAwareCustomizer> (0x00000006208f52e8) thrown at [./open/src/hotspot/share/classfile/systemDictionary.cpp, line 226]
Event: 0.633 Thread 0x000002101feb3000 Exception <a 'java/lang/ClassNotFoundException'{0x0000000620903ce8}: org/springframework/beans/factory/AwareCustomizer> (0x0000000620903ce8) thrown at [./open/src/hotspot/share/classfile/systemDictionary.cpp, line 226]
Event: 0.638 Thread 0x000002101ff14800 Exception <a 'java/lang/NoSuchMethodError'{0x00000006206e3b98}: java.lang.invoke.DirectMethodHandle$Holder.invokeSpecial(Ljava/lang/Object;Ljava/lang/Object;)J> (0x00000006206e3b98) thrown at [./open/src/hotspot/share/interpreter/linkResolver.cpp, line 77
Event: 0.640 Thread 0x000002101ff14800 Exception <a 'java/lang/NoSuchMethodError'{0x0000000620721b60}: java.lang.invoke.DirectMethodHandle$Holder.invokeStatic(Ljava/lang/Object;Ljava/lang/Object;)J> (0x0000000620721b60) thrown at [./open/src/hotspot/share/interpreter/linkResolver.cpp, line 772
Event: 0.640 Thread 0x000002101ff14800 Exception <a 'java/lang/NoSuchMethodError'{0x0000000620724988}: java.lang.invoke.DirectMethodHandle$Holder.invokeStaticInit(Ljava/lang/Object;Ljava/lang/Object;)J> (0x0000000620724988) thrown at [./open/src/hotspot/share/interpreter/linkResolver.cpp, line
Event: 0.641 Thread 0x000002101ff14800 Exception <a 'java/lang/NoSuchMethodError'{0x0000000620758b78}: java.lang.invoke.DirectMethodHandle$Holder.invokeInterface(Ljava/lang/Object;Ljava/lang/Object;)J> (0x0000000620758b78) thrown at [./open/src/hotspot/share/interpreter/linkResolver.cpp, line 
Event: 0.641 Thread 0x000002101ff14800 Exception <a 'java/lang/IncompatibleClassChangeError'{0x000000062075b910}: Found class java.lang.Object, but interface was expected> (0x000000062075b910) thrown at [./open/src/hotspot/share/interpreter/linkResolver.cpp, line 838]
Event: 0.647 Thread 0x000002101ff14800 Exception <a 'java/lang/NoSuchMethodError'{0x00000006204d21c8}: java.lang.invoke.DirectMethodHandle$Holder.invokeVirtual(Ljava/lang/Object;Ljava/lang/Object;Ljava/lang/Object;Ljava/lang/Object;)Ljava/lang/Object;> (0x00000006204d21c8) thrown at [./open/sr
Event: 0.726 Thread 0x000002101feb3000 Exception <a 'java/lang/IncompatibleClassChangeError'{0x000000061fb74178}: Found class java.lang.Object, but interface was expected> (0x000000061fb74178) thrown at [./open/src/hotspot/share/interpreter/linkResolver.cpp, line 838]
Event: 0.739 Thread 0x000002101feb3000 Exception <a 'java/lang/NoSuchMethodError'{0x000000061f8f6a18}: java.lang.invoke.DirectMethodHandle$Holder.invokeInterface(Ljava/lang/Object;Ljava/lang/Object;Ljava/lang/Object;Ljava/lang/Object;)V> (0x000000061f8f6a18) thrown at [./open/src/hotspot/share

Events (10 events):
Event: 0.837 loading class org/springframework/data/redis/connection/RedisConnectionFactory
Event: 0.837 loading class org/springframework/data/redis/connection/RedisConnectionFactory done
Event: 0.837 loading class com/github/benmanes/caffeine/cache/Caffeine
Event: 0.837 loading class com/github/benmanes/caffeine/cache/Caffeine done
Event: 0.837 loading class org/springframework/cache/caffeine/CaffeineCacheManager
Event: 0.837 loading class org/springframework/cache/caffeine/CaffeineCacheManager done
Event: 0.842 loading class org/springframework/boot/autoconfigure/data/jpa/JpaRepositoriesRegistrar
Event: 0.842 loading class org/springframework/boot/autoconfigure/data/jpa/JpaRepositoriesRegistrar done
Event: 0.842 loading class org/springframework/boot/autoconfigure/data/AbstractRepositoryConfigurationSourceSupport
Event: 0.842 loading class org/springframework/boot/autoconfigure/data/AbstractRepositoryConfigurationSourceSupport done


Dynamic libraries:
0x00007ff6702e0000 - 0x00007ff6702ef000 	C:\Program Files\Java\jdk-11.0.17\bin\java.exe
0x00007ffd70110000 - 0x00007ffd70305000 	C:\WINDOWS\SYSTEM32\ntdll.dll
0x00007ffd6f430000 - 0x00007ffd6f4ee000 	C:\WINDOWS\System32\KERNEL32.DLL
0x00007ffd6dd50000 - 0x00007ffd6e018000 	C:\WINDOWS\System32\KERNELBASE.dll
0x00007ffd6e020000 - 0x00007ffd6e120000 	C:\WINDOWS\System32\ucrtbase.dll
0x00007ffd44660000 - 0x00007ffd44678000 	C:\Program Files\Java\jdk-11.0.17\bin\jli.dll
0x00007ffd484a0000 - 0x00007ffd484b5000 	C:\Program Files\Java\jdk-11.0.17\bin\VCRUNTIME140.dll
0x00007ffd6e5d0000 - 0x00007ffd6e67c000 	C:\WINDOWS\System32\ADVAPI32.dll
0x00007ffd6f4f0000 - 0x00007ffd6f58e000 	C:\WINDOWS\System32\msvcrt.dll
0x00007ffd6f6c0000 - 0x00007ffd6f75b000 	C:\WINDOWS\System32\sechost.dll
0x00007ffd6f7c0000 - 0x00007ffd6f8ea000 	C:\WINDOWS\System32\RPCRT4.dll
0x00007ffd6ef40000 - 0x00007ffd6f0e1000 	C:\WINDOWS\System32\USER32.dll
0x00007ffd559b0000 - 0x00007ffd55c4a000 	C:\WINDOWS\WinSxS\amd64_microsoft.windows.common-controls_6595b64144ccf1df_6.0.19041.1110_none_60b5254171f9507e\COMCTL32.dll
0x00007ffd6d820000 - 0x00007ffd6d842000 	C:\WINDOWS\System32\win32u.dll
0x00007ffd6eaf0000 - 0x00007ffd6eb1b000 	C:\WINDOWS\System32\GDI32.dll
0x00007ffd6d850000 - 0x00007ffd6d95d000 	C:\WINDOWS\System32\gdi32full.dll
0x00007ffd6daf0000 - 0x00007ffd6db8d000 	C:\WINDOWS\System32\msvcp_win.dll
0x00007ffd679a0000 - 0x00007ffd679aa000 	C:\WINDOWS\SYSTEM32\VERSION.dll
0x00007ffd6f950000 - 0x00007ffd6f980000 	C:\WINDOWS\System32\IMM32.DLL
0x00007ffd1a7c0000 - 0x00007ffd1a85b000 	C:\Program Files\Java\jdk-11.0.17\bin\msvcp140.dll
0x00007ffcc4870000 - 0x00007ffcc538a000 	C:\Program Files\Java\jdk-11.0.17\bin\server\jvm.dll
0x00007ffd6eda0000 - 0x00007ffd6eda8000 	C:\WINDOWS\System32\PSAPI.DLL
0x00007ffd645d0000 - 0x00007ffd645f7000 	C:\WINDOWS\SYSTEM32\WINMM.dll
0x00007ffd57550000 - 0x00007ffd57559000 	C:\WINDOWS\SYSTEM32\WSOCK32.dll
0x00007ffd6eed0000 - 0x00007ffd6ef3b000 	C:\WINDOWS\System32\WS2_32.dll
0x00007ffd6b730000 - 0x00007ffd6b742000 	C:\WINDOWS\SYSTEM32\kernel.appcore.dll
0x00007ffd62410000 - 0x00007ffd62420000 	C:\Program Files\Java\jdk-11.0.17\bin\verify.dll
0x00007ffd5a4f0000 - 0x00007ffd5a6d4000 	C:\WINDOWS\SYSTEM32\DBGHELP.DLL
0x00007ffd57bb0000 - 0x00007ffd57bdc000 	C:\WINDOWS\SYSTEM32\dbgcore.DLL
0x00007ffd6d9b0000 - 0x00007ffd6da32000 	C:\WINDOWS\System32\bcryptPrimitives.dll
0x00007ffd3c8e0000 - 0x00007ffd3c908000 	C:\Program Files\Java\jdk-11.0.17\bin\java.dll
0x00007ffd5e800000 - 0x00007ffd5e80a000 	C:\Program Files\Java\jdk-11.0.17\bin\jimage.dll
0x00007ffd3eb10000 - 0x00007ffd3eb26000 	C:\Program Files\Java\jdk-11.0.17\bin\zip.dll
0x00007ffd6f980000 - 0x00007ffd700c4000 	C:\WINDOWS\System32\SHELL32.dll
0x00007ffd6b930000 - 0x00007ffd6c0c4000 	C:\WINDOWS\SYSTEM32\windows.storage.dll
0x00007ffd6e730000 - 0x00007ffd6ea85000 	C:\WINDOWS\System32\combase.dll
0x00007ffd6d270000 - 0x00007ffd6d29e000 	C:\WINDOWS\SYSTEM32\Wldp.dll
0x00007ffd6f610000 - 0x00007ffd6f6bd000 	C:\WINDOWS\System32\SHCORE.dll
0x00007ffd6f590000 - 0x00007ffd6f5e5000 	C:\WINDOWS\System32\shlwapi.dll
0x00007ffd6d760000 - 0x00007ffd6d77f000 	C:\WINDOWS\SYSTEM32\profapi.dll
0x00007ffd3c6c0000 - 0x00007ffd3c6d9000 	C:\Program Files\Java\jdk-11.0.17\bin\net.dll
0x00007ffd684a0000 - 0x00007ffd685ac000 	C:\WINDOWS\SYSTEM32\WINHTTP.dll
0x00007ffd6cfd0000 - 0x00007ffd6d03a000 	C:\WINDOWS\system32\mswsock.dll
0x00007ffd3c6a0000 - 0x00007ffd3c6b2000 	C:\Program Files\Java\jdk-11.0.17\bin\nio.dll
0x00007ffd6b060000 - 0x00007ffd6b069000 	C:\Program Files\Java\jdk-11.0.17\bin\management.dll
0x00007ffd6a470000 - 0x00007ffd6a47b000 	C:\Program Files\Java\jdk-11.0.17\bin\management_ext.dll
0x00007ffd57200000 - 0x00007ffd57217000 	C:\WINDOWS\system32\napinsp.dll
0x00007ffd571a0000 - 0x00007ffd571bb000 	C:\WINDOWS\system32\pnrpnsp.dll
0x00007ffd56a40000 - 0x00007ffd56a55000 	C:\WINDOWS\system32\wshbth.dll
0x00007ffd6a310000 - 0x00007ffd6a32d000 	C:\WINDOWS\system32\NLAapi.dll
0x00007ffd6cc70000 - 0x00007ffd6ccab000 	C:\WINDOWS\SYSTEM32\IPHLPAPI.DLL
0x00007ffd6ccc0000 - 0x00007ffd6cd8b000 	C:\WINDOWS\SYSTEM32\DNSAPI.dll
0x00007ffd6edb0000 - 0x00007ffd6edb8000 	C:\WINDOWS\System32\NSI.dll
0x00007ffd56a00000 - 0x00007ffd56a12000 	C:\WINDOWS\System32\winrnr.dll
0x00007ffd65090000 - 0x00007ffd6509a000 	C:\Windows\System32\rasadhlp.dll
0x00007ffd63fc0000 - 0x00007ffd6403f000 	C:\WINDOWS\System32\fwpuclnt.dll
0x00007ffd6e120000 - 0x00007ffd6e147000 	C:\WINDOWS\System32\bcrypt.dll

dbghelp: loaded successfully - version: 4.0.5 - missing functions: none
symbol engine: initialized successfully - sym options: 0x614 - pdb path: .;C:\Program Files\Java\jdk-11.0.17\bin;C:\WINDOWS\SYSTEM32;C:\WINDOWS\WinSxS\amd64_microsoft.windows.common-controls_6595b64144ccf1df_6.0.19041.1110_none_60b5254171f9507e;C:\Program Files\Java\jdk-11.0.17\bin\server

VM Arguments:
jvm_args: -Xverify:none -XX:TieredStopAtLevel=1 -Dfile.encoding=windows-1252 -Duser.country=US -Duser.language=en -Duser.variant 
java_command: org.launchcode.techjobs.persistent.JavaWebDevTechjobsPersistentApplication
java_class_path (initial): C:\Users\ericd\coding\java\java-assignment-4-techjobs-persistent-edition-schmidward\build\classes\java\main;C:\Users\ericd\coding\java\java-assignment-4-techjobs-persistent-edition-schmidward\build\resources\main;C:\Users\ericd\.gradle\caches\modules-2\files-2.1\org.springframework.boot\spring-boot-devtools\2.2.2.RELEASE\b72b182af53fdc10a0dda71cd20d37f357872de0\spring-boot-devtools-2.2.2.RELEASE.jar;C:\Users\ericd\.gradle\caches\modules-2\files-2.1\org.springframework.boot\spring-boot-starter-thymeleaf\2.2.2.RELEASE\fb3920ecfaeaed5190e4cd89441fced220f53507\spring-boot-starter-thymeleaf-2.2.2.RELEASE.jar;C:\Users\ericd\.gradle\caches\modules-2\files-2.1\org.springframework.boot\spring-boot-starter-web\2.2.2.RELEASE\3e15f18a4dafd499b900082f3cc25bb11ea91821\spring-boot-starter-web-2.2.2.RELEASE.jar;C:\Users\ericd\.gradle\caches\modules-2\files-2.1\org.springframework.boot\spring-boot-starter-data-jpa\2.2.2.RELEASE\70fca038c1bbb1e9d0d6bedd1035f091ad024a7e\spring-boot-starter-data-jpa-2.2.2.RELEASE.jar;C:\Users\ericd\.gradle\caches\modules-2\files-2.1\mysql\mysql-connector-java\8.0.18\e088efaa4b568bc7d9f7274b9c5ea1a00da1a45c\mysql-connector-java-8.0.18.jar;C:\Users\ericd\.gradle\caches\modules-2\files-2.1\org.springframework.boot\spring-boot-starter-validation\2.2.2.RELEASE\ef3ac3571ae518f22117e8bce826970b358f3cdf\spring-boot-starter-validation-2.2.2.RELEASE.jar;C:\Users\ericd\.gradle\caches\modules-2\files-2.1\org.springframework.boot\spring-boot-starter-json\2.2.2.RELEASE\7ef93e43938abf3064cce9b7317bdb8278060437\spring-boot-starter-json-2.2.2.RELEASE.jar;C:\Users\ericd\.gradle\caches\modules-2\files-2.1\org.springframework.boot\spring-boot-starter-aop\2.2.2.RELEASE\f3c7529b69898084018e69e101ebc108237b1cce\spring-boot-starter-aop-2.2.2.RELEASE.jar;C:\Users\ericd\.gradle\caches\modules-2\files-2.1\org.springframework.boot\spring-boot-starter-jdbc\2.2.2.RELEASE\62cbc3b594bd82e035bdcd6f93250f4826d407b6\spring-boot-starter-jdbc-2.2.2.RELEASE.jar
Launcher Type: SUN_STANDARD

[Global flags]
     bool BytecodeVerificationLocal                = false                                     {product} {command line}
     bool BytecodeVerificationRemote               = false                                     {product} {command line}
     intx CICompilerCount                          = 4                                         {product} {ergonomic}
     uint ConcGCThreads                            = 3                                         {product} {ergonomic}
     uint G1ConcRefinementThreads                  = 10                                        {product} {ergonomic}
   size_t G1HeapRegionSize                         = 2097152                                   {product} {ergonomic}
    uintx GCDrainStackTargetSize                   = 64                                        {product} {ergonomic}
   size_t InitialHeapSize                          = 536870912                                 {product} {ergonomic}
   size_t MarkStackSize                            = 4194304                                   {product} {ergonomic}
   size_t MaxHeapSize                              = 8577351680                                {product} {ergonomic}
   size_t MaxNewSize                               = 5146411008                                {product} {ergonomic}
   size_t MinHeapDeltaBytes                        = 2097152                                   {product} {ergonomic}
    uintx NonNMethodCodeHeapSize                   = 7549744                                {pd product} {ergonomic}
    uintx NonProfiledCodeHeapSize                  = 244108496                              {pd product} {ergonomic}
    uintx ProfiledCodeHeapSize                     = 0                                      {pd product} {ergonomic}
    uintx ReservedCodeCacheSize                    = 251658240                              {pd product} {ergonomic}
     bool SegmentedCodeCache                       = true                                      {product} {ergonomic}
     intx TieredStopAtLevel                        = 1                                         {product} {command line}
     bool UseCompressedClassPointers               = true                                 {lp64_product} {ergonomic}
     bool UseCompressedOops                        = true                                 {lp64_product} {ergonomic}
     bool UseG1GC                                  = true                                      {product} {ergonomic}
     bool UseLargePagesIndividualAllocation        = false                                  {pd product} {ergonomic}

Logging:
Log output configuration:
 #0: stdout all=warning uptime,level,tags
 #1: stderr all=off uptime,level,tags

Environment Variables:
PATH=C:\Program Files\Common Files\Oracle\Java\javapath;C:\Program Files\Java\jdk-11.0.17\bin;C:\Program Files (x86)\Common Files\Intel\Shared Libraries\redist\intel64\compiler;C:\Program Files (x86)\Common Files\Oracle\Java\javapath;C:\WINDOWS\system32;C:\WINDOWS;C:\WINDOWS\System32\Wbem;C:\WINDOWS\System32\WindowsPowerShell\v1.0\;C:\WINDOWS\System32\OpenSSH\;C:\JupyterLab;C:\Program Files\Git\cmd;C:\Users\ericd\AppData\Roaming\nvm;C:\Program Files\nodejs;C:\Users\ericd\AppData\Local\Programs\Python\Python311\Scripts\;C:\Users\ericd\AppData\Local\Programs\Python\Python311\;C:\Program Files\MySQL\MySQL Shell 8.0\bin\;C:\Users\ericd\AppData\Local\Microsoft\WindowsApps;C:\Users\ericd\AppData\Local\Programs\Microsoft VS Code\bin;C:\Users\ericd\AppData\Local\GitHubDesktop\bin;C:\Users\ericd\AppData\Roaming\nvm;C:\Program Files\nodejs;C\Users\ericd\AppData\Roaming\npm;C:\Program Files\JetBrains\IntelliJ IDEA Community Edition 2022.3.1\bin;;C:\Program Files\PostgreSQL\15\bin;C:\Program Files\Git\mingw64;
USERNAME=ericd
OS=Windows_NT
PROCESSOR_IDENTIFIER=AMD64 Family 23 Model 113 Stepping 0, AuthenticAMD



---------------  S Y S T E M  ---------------

OS: Windows 10 , 64 bit Build 19041 (10.0.19041.1348)

CPU:total 12 (initial active 12) (12 cores per cpu, 2 threads per core) family 23 model 113 stepping 0 microcode 0x0, cmov, cx8, fxsr, mmx, sse, sse2, sse3, ssse3, sse4.1, sse4.2, popcnt, avx, avx2, aes, clmul, mmxext, 3dnowpref, lzcnt, sse4a, ht, tsc, tscinvbit, tscinv, bmi1, bmi2, adx,

Memory: 4k page, system-wide physical 32717M (19995M free)
TotalPageFile size 37581M (AvailPageFile size 22652M)
current process WorkingSet (physical memory assigned to process): 148M, peak: 148M
current process commit charge ("private bytes"): 641M, peak: 641M

vm_info: Java HotSpot(TM) 64-Bit Server VM (11.0.17+10-LTS-269) for windows-amd64 JRE (11.0.17+10-LTS-269), built on Sep 13 2022 19:26:37 by "mach5one" with MS VC++ 15.9 (VS2017)

END.
